     2400000      2400000            0      2400000 r tfi sub_posin_alloc
     4800000      4800000            0      2400000 r tfj sub_posin_alloc
     7200000      7200000            0      2400000 r tfk sub_posin_alloc
     9600000      9600000            0      2400000 r tfl sub_posin_alloc
    12000000     12000000            0      2400000 r ttr sub_posin_alloc
    14400000     14400000            0      2400000 r tage sub_posin_alloc
    16800000     16800000            0      2400000 r init_temp sub_posin_alloc
    19200000     19200000            0      2400000 r init_salt sub_posin_alloc
    21600000     21600000            0      2400000 r init_dens sub_posin_alloc
    21600004     21600000            4            4 i i0 trajec
    21600008     21600000            8            4 i j0 trajec
    21600012     21600000           12            4 i k0 trajec
    21600016     21600000           16            4 i l0 trajec
    22800016     21600000      1200016      1200000 i nfin trajec
    25200016     24000000      1200016      2400000 r trueage trajec
    27600016     26400000      1200016      2400000 r agenew trajec
    27600024     26400008      1200016            8 r gi trajec
    27600032     26400016      1200016            8 r gj trajec
    27600040     26400024      1200016            8 r gk trajec
    27600048     26400032      1200016            8 r gl trajec
    30000048     28800032      1200016      2400000 r hi trajec
    32400048     31200032      1200016      2400000 r hj trajec
    34800048     33600032      1200016      2400000 r hk trajec
    37200048     36000032      1200016      2400000 r hl trajec
    39600048     38400032      1200016      2400000 r tf trajec
    42000048     40800032      1200016      2400000 r sf trajec
    44400048     43200032      1200016      2400000 r rf trajec
    45600048     43200032      2400016      1200000 i init_depth trajec
    46800048     43200032      3600016      1200000 i final_depth trajec
    46808688     43208672      3600016         8640 r xx_tt sub_input_grid_opa
    46817328     43217312      3600016         8640 r dumtab2d sub_read_netcdf_var4d
    46825968     43225952      3600016         8640 r xx_uu sub_input_grid_opa
    46834608     43234592      3600016         8640 r yy_tt sub_input_grid_opa
    46843248     43243232      3600016         8640 r yy_vv sub_input_grid_opa
    46843496     43243480      3600016          248 r zz_ww sub_input_grid_opa
    46843744     43243728      3600016          248 r dumtab1d sub_read_netcdf_var4d
    46852384     43252368      3600016         8640 r e2u sub_input_grid_opa
    46861024     43261008      3600016         8640 r e1v sub_input_grid_opa
    46869664     43269648      3600016         8640 r e1t sub_input_grid_opa
    46878304     43278288      3600016         8640 r e2t sub_input_grid_opa
    46878552     43278536      3600016          248 r e3t sub_input_grid_opa
    47146392     43546376      3600016       267840 r tmask sub_input_grid_opa
    47414232     43814216      3600016       267840 r dumtab3d sub_read_netcdf_var4d
    47949912     44349896      3600016       535680 r uu sub_transp_alloc
    48485592     44885576      3600016       535680 r vv sub_transp_alloc
    49021272     45421256      3600016       535680 r ww sub_transp_alloc
    49556952     45956936      3600016       535680 r tt sub_tracer_alloc
    50092632     46492616      3600016       535680 r ss sub_tracer_alloc
    50628312     47028296      3600016       535680 r rr sub_tracer_alloc
    51163992     47563976      3600016       535680 r dumtab4d sub_read_netcdf_var4d
    51164000     47563976      3600024            8 i dims_out sub_save_netcdf_data_init_pos
    51163992     47563976      3600016           -8 i dims_out sub_save_netcdf_data_init_pos
    48763992     45163976      3600016     -2400000 r init_temp sub_posin_dealloc_init_tracers
    46363992     42763976      3600016     -2400000 r init_salt sub_posin_dealloc_init_tracers
    43963992     40363976      3600016     -2400000 r init_dens sub_posin_dealloc_init_tracers
    43967128     40367112      3600016         3136 r array_qual_traj trajec
    43967124     40367112      3600012           -4 i i0 trajec_seq
    43967120     40367112      3600008           -4 i j0 trajec_seq
    43967116     40367112      3600004           -4 i k0 trajec_seq
    43967112     40367112      3600000           -4 i l0 trajec_seq
    42767112     40367112      2400000     -1200000 i nfin trajec_seq
    40367112     37967112      2400000     -2400000 r agenew trajec_seq
    37967112     35567112      2400000     -2400000 r truage trajec_seq
    37967104     35567104      2400000           -8 r gi trajec_seq
    37967096     35567096      2400000           -8 r gj trajec_seq
    37967088     35567088      2400000           -8 r gk trajec_seq
    37967080     35567080      2400000           -8 r gl trajec_seq
    35567080     33167080      2400000     -2400000 r hi trajec_seq
    33167080     30767080      2400000     -2400000 r hj trajec_seq
    30767080     28367080      2400000     -2400000 r hk trajec_seq
    28367080     25967080      2400000     -2400000 r hl trajec_seq
    25967080     23567080      2400000     -2400000 r tf trajec_seq
    23567080     21167080      2400000     -2400000 r sf trajec_seq
    21167080     18767080      2400000     -2400000 r rf trajec_seq
    19967080     18767080      1200000     -1200000 i init_depth trajec_seq
    18767080     18767080            0     -1200000 i final_depth trajec_seq
    18763944     18763944            0        -3136 r array_qual_traj trajec_seq
    18763696     18763696            0         -248 r dumtab1d sub_netcdf_dealloc_mem
    18755056     18755056            0        -8640 r dumtab2d sub_netcdf_dealloc_mem
    18487216     18487216            0      -267840 r dumtab3d sub_netcdf_dealloc_mem
    17951536     17951536            0      -535680 r dumtab4d sub_netcdf_dealloc_mem
    17942896     17942896            0        -8640 r xx_tt sub_coord_dealloc
    17934256     17934256            0        -8640 r xx_uu sub_coord_dealloc
    17925616     17925616            0        -8640 r yy_tt sub_coord_dealloc
    17916976     17916976            0        -8640 r yy_vv sub_coord_dealloc
    17916728     17916728            0         -248 r zz_ww sub_coord_dealloc
    17908088     17908088            0        -8640 r e1t sub_scalef_dealloc
    17899448     17899448            0        -8640 r e2t sub_scalef_dealloc
    17890808     17890808            0        -8640 r e2u sub_scalef_dealloc
    17882168     17882168            0        -8640 r e1v sub_scalef_dealloc
    17881920     17881920            0         -248 r e3t sub_scalef_dealloc
    17346240     17346240            0      -535680 r uu sub_transp_dealloc
    16810560     16810560            0      -535680 r vv sub_transp_dealloc
    16274880     16274880            0      -535680 r ww sub_transp_dealloc
    15739200     15739200            0      -535680 r tt sub_tracer_dealloc
    15203520     15203520            0      -535680 r ss sub_tracer_dealloc
    14667840     14667840            0      -535680 r rr sub_tracer_dealloc
    12267840     12267840            0     -2400000 r tfi sub_posin_dealloc
     9867840      9867840            0     -2400000 r tfj sub_posin_dealloc
     7467840      7467840            0     -2400000 r tfk sub_posin_dealloc
     5067840      5067840            0     -2400000 r tfl sub_posin_dealloc
     2667840      2667840            0     -2400000 r ttr sub_posin_dealloc
      267840       267840            0     -2400000 r tage sub_posin_dealloc
           0            0            0      -267840 r tmask sub_tmask_dealloc
