This file contains any messages produced by compilers while
running configure, to aid debugging if configure makes a mistake.

It was created by Ariane configure 2.2.6_00, which was
generated by GNU Autoconf 2.61.  Invocation command line was

  $ ./configure --prefix=/ocean/gsgarbi/MEOPAR/Ariane

## --------- ##
## Platform. ##
## --------- ##

hostname = salish.eos.ubc.ca
uname -m = x86_64
uname -r = 4.4.0-63-generic
uname -s = Linux
uname -v = #84~14.04.2-Ubuntu SMP Mon Feb 13 11:04:58 UTC 2017

/usr/bin/uname -p = unknown
/bin/uname -X     = unknown

/bin/arch              = unknown
/usr/bin/arch -k       = unknown
/usr/convex/getsysinfo = unknown
/usr/bin/hostinfo      = unknown
/bin/machine           = unknown
/usr/bin/oslevel       = unknown
/bin/universe          = unknown

PATH: /home/gsgarbi/anaconda3/bin
PATH: /ocean/gsgarbi/MEOPAR/Ariane/bin
PATH: /usr/local/sbin
PATH: /usr/local/bin
PATH: /usr/sbin
PATH: /usr/bin
PATH: /sbin
PATH: /bin
PATH: /usr/games
PATH: /usr/local/games


## ----------- ##
## Core tests. ##
## ----------- ##

configure:1759: checking for a BSD-compatible install
configure:1815: result: /usr/bin/install -c
configure:1826: checking whether build environment is sane
configure:1869: result: yes
configure:1897: checking for a thread-safe mkdir -p
configure:1936: result: /bin/mkdir -p
configure:1949: checking for gawk
configure:1965: found /usr/bin/gawk
configure:1976: result: gawk
configure:1987: checking whether make sets $(MAKE)
configure:2008: result: yes
configure:2204: checking build system type
configure:2222: result: x86_64-unknown-linux-gnu
configure:2244: checking host system type
configure:2259: result: x86_64-unknown-linux-gnu
configure:2305: checking for a BSD-compatible install
configure:2361: result: /usr/bin/install -c
configure:2500: checking for ifort
configure:2530: result: no
configure:2500: checking for fort
configure:2530: result: no
configure:2500: checking for xlf90
configure:2530: result: no
configure:2500: checking for pgf90
configure:2530: result: no
configure:2500: checking for epcf90
configure:2530: result: no
configure:2500: checking for pathf90
configure:2530: result: no
configure:2500: checking for ifc
configure:2530: result: no
configure:2500: checking for efc
configure:2530: result: no
configure:2500: checking for f90
configure:2530: result: no
configure:2500: checking for xlf95
configure:2530: result: no
configure:2500: checking for lf95
configure:2530: result: no
configure:2500: checking for f95
configure:2516: found /usr/bin/f95
configure:2527: result: f95
configure:2557: checking for Fortran compiler version
configure:2564: f95 --version >&5
GNU Fortran (Ubuntu 4.8.4-2ubuntu1~14.04.3) 4.8.4
Copyright (C) 2013 Free Software Foundation, Inc.

GNU Fortran comes with NO WARRANTY, to the extent permitted by law.
You may redistribute copies of GNU Fortran
under the terms of the GNU General Public License.
For more information about these matters, see the file named COPYING

configure:2567: $? = 0
configure:2574: f95 -v >&5
Using built-in specs.
COLLECT_GCC=f95
COLLECT_LTO_WRAPPER=/usr/lib/gcc/x86_64-linux-gnu/4.8/lto-wrapper
Target: x86_64-linux-gnu
Configured with: ../src/configure -v --with-pkgversion='Ubuntu 4.8.4-2ubuntu1~14.04.3' --with-bugurl=file:///usr/share/doc/gcc-4.8/README.Bugs --enable-languages=c,c++,java,go,d,fortran,objc,obj-c++ --prefix=/usr --program-suffix=-4.8 --enable-shared --enable-linker-build-id --libexecdir=/usr/lib --without-included-gettext --enable-threads=posix --with-gxx-include-dir=/usr/include/c++/4.8 --libdir=/usr/lib --enable-nls --with-sysroot=/ --enable-clocale=gnu --enable-libstdcxx-debug --enable-libstdcxx-time=yes --enable-gnu-unique-object --disable-libmudflap --enable-plugin --with-system-zlib --disable-browser-plugin --enable-java-awt=gtk --enable-gtk-cairo --with-java-home=/usr/lib/jvm/java-1.5.0-gcj-4.8-amd64/jre --enable-java-home --with-jvm-root-dir=/usr/lib/jvm/java-1.5.0-gcj-4.8-amd64 --with-jvm-jar-dir=/usr/lib/jvm-exports/java-1.5.0-gcj-4.8-amd64 --with-arch-directory=amd64 --with-ecj-jar=/usr/share/java/eclipse-ecj.jar --enable-objc-gc --enable-multiarch --disable-werror --with-arch-32=i686 --with-abi=m64 --with-multilib-list=m32,m64,mx32 --with-tune=generic --enable-checking=release --build=x86_64-linux-gnu --host=x86_64-linux-gnu --target=x86_64-linux-gnu
Thread model: posix
gcc version 4.8.4 (Ubuntu 4.8.4-2ubuntu1~14.04.3) 
configure:2577: $? = 0
configure:2584: f95 -V >&5
f95: error: unrecognized command line option '-V'
f95: fatal error: no input files
compilation terminated.
configure:2587: $? = 4
configure:2601: checking for Fortran compiler default output file name
configure:2628: f95    conftest.f  >&5
configure:2631: $? = 0
configure:2669: result: a.out
configure:2686: checking whether the Fortran compiler works
configure:2696: ./a.out
configure:2699: $? = 0
configure:2716: result: yes
configure:2723: checking whether we are cross compiling
configure:2725: result: no
configure:2728: checking for suffix of executables
configure:2735: f95 -o conftest    conftest.f  >&5
configure:2738: $? = 0
configure:2762: result: 
configure:2768: checking for suffix of object files
configure:2784: f95 -c   conftest.f >&5
configure:2787: $? = 0
configure:2810: result: o
configure:2818: checking whether we are using the GNU Fortran compiler
configure:2837: f95 -c   conftest.F >&5
configure:2843: $? = 0
configure:2860: result: yes
configure:2866: checking whether f95 accepts -g
configure:2883: f95 -c -g  conftest.f >&5
configure:2889: $? = 0
configure:2905: result: yes
configure:3186: checking for Fortran flag to compile .f90 files
configure:3208: f95 -c -g  conftest.f90 >&5
configure:3214: $? = 0
configure:3233: result: none
configure:3260: checking for Fortran flag needed to allow free-form source
configure:3285: f95 -c -g  conftest.f90 >&5
configure:3291: $? = 0
configure:3310: result: none
configure:3355: checking for Fortran compiler can handle Fortran-90 code
configure:3364: f95 -g  conftest.f90
configure:3367: $? = 0
configure:3374: result: yes
configure:3564:   -> NetCDF library: /usr/lib
configure:3566:   -> NetCDF module : /usr/include
configure:3572: checking for Fortran-90 program linked with NetCDF library
configure:3590: f95 -g -I/usr/include  conftest.f90  -L/usr/lib -lnetcdff -lnetcdf
configure:3593: $? = 0
configure:3600: result: yes
configure:3758: creating ./config.status

## ---------------------- ##
## Running config.status. ##
## ---------------------- ##

This file was extended by Ariane config.status 2.2.6_00, which was
generated by GNU Autoconf 2.61.  Invocation command line was

  CONFIG_FILES    = 
  CONFIG_HEADERS  = 
  CONFIG_LINKS    = 
  CONFIG_COMMANDS = 
  $ ./config.status 

on salish.eos.ubc.ca

config.status:631: creating Makefile
config.status:631: creating src/Makefile
config.status:631: creating src/ariane/Makefile
config.status:631: creating src/tools/Makefile
config.status:631: creating doc/Makefile
config.status:631: creating doc/manuals/Makefile
config.status:631: creating doc/src_browser/Makefile
config.status:631: creating doc/src_browser/call_from/Makefile
config.status:631: creating doc/src_browser/call_to/Makefile
config.status:631: creating doc/src_browser/gif/Makefile
config.status:631: creating doc/src_browser/html_code/Makefile
config.status:631: creating doc/src_browser/html_code/ariane/Makefile
config.status:631: creating doc/src_browser/ind/Makefile
config.status:631: creating examples/Makefile
config.status:631: creating examples/IDL/Makefile
config.status:631: creating examples/Matlab/Makefile
config.status:631: creating examples/Matlab/bg_routines/Makefile
config.status:631: creating examples/OPA/Makefile
config.status:631: creating examples/ROMS/Makefile
config.status:631: creating examples/data/Makefile
config.status:631: creating examples/shell_scripts/Makefile
config.status:631: creating examples/quantitative/Makefile
config.status:631: creating examples/quantitative/validation/Makefile
config.status:631: creating examples/qualitative/Makefile
config.status:631: creating examples/qualitative/validation/Makefile

## ---------------- ##
## Cache variables. ##
## ---------------- ##

ac_cv_build=x86_64-unknown-linux-gnu
ac_cv_env_FCFLAGS_set=
ac_cv_env_FCFLAGS_value=
ac_cv_env_FC_set=
ac_cv_env_FC_value=
ac_cv_env_LDFLAGS_set=
ac_cv_env_LDFLAGS_value=
ac_cv_env_LIBS_set=
ac_cv_env_LIBS_value=
ac_cv_env_NETCDF_INC_set=set
ac_cv_env_NETCDF_INC_value=/usr/include
ac_cv_env_NETCDF_LIB_set=set
ac_cv_env_NETCDF_LIB_value=/usr/lib
ac_cv_env_build_alias_set=
ac_cv_env_build_alias_value=
ac_cv_env_host_alias_set=
ac_cv_env_host_alias_value=
ac_cv_env_target_alias_set=
ac_cv_env_target_alias_value=
ac_cv_fc_compiler_gnu=yes
ac_cv_fc_freeform=none
ac_cv_fc_srcext_f90=none
ac_cv_host=x86_64-unknown-linux-gnu
ac_cv_objext=o
ac_cv_path_install='/usr/bin/install -c'
ac_cv_path_mkdir=/bin/mkdir
ac_cv_prog_AWK=gawk
ac_cv_prog_ac_ct_FC=f95
ac_cv_prog_fc_g=yes
ac_cv_prog_make_make_set=yes

## ----------------- ##
## Output variables. ##
## ----------------- ##

ACLOCAL='${SHELL} /ocean/gsgarbi/MEOPAR/Ariane/ariane-2.2.6_00/confdb/missing --run aclocal-1.10'
AMTAR='${SHELL} /ocean/gsgarbi/MEOPAR/Ariane/ariane-2.2.6_00/confdb/missing --run tar'
AUTOCONF='${SHELL} /ocean/gsgarbi/MEOPAR/Ariane/ariane-2.2.6_00/confdb/missing --run autoconf'
AUTOHEADER='${SHELL} /ocean/gsgarbi/MEOPAR/Ariane/ariane-2.2.6_00/confdb/missing --run autoheader'
AUTOMAKE='${SHELL} /ocean/gsgarbi/MEOPAR/Ariane/ariane-2.2.6_00/confdb/missing --run automake-1.10'
AWK='gawk'
CPPFLAGS=''
CYGPATH_W='echo'
DEFS='-DPACKAGE_NAME=\"Ariane\" -DPACKAGE_TARNAME=\"ariane\" -DPACKAGE_VERSION=\"2.2.6_00\" -DPACKAGE_STRING=\"Ariane\ 2.2.6_00\" -DPACKAGE_BUGREPORT=\"Bruno.Blanke@univ-brest.fr\ or\ Nicolas.Grima@univ-brest.fr\" -DPACKAGE=\"ariane\" -DVERSION=\"2.2.6_00\"'
ECHO_C=''
ECHO_N='-n'
ECHO_T=''
EXEEXT=''
F77='f95'
FC='f95'
FCFLAGS='-g -I/usr/include'
FCFLAGS_f90=''
INSTALL_DATA='${INSTALL} -m 644'
INSTALL_PROGRAM='${INSTALL}'
INSTALL_SCRIPT='${INSTALL}'
INSTALL_STRIP_PROGRAM='$(install_sh) -c -s'
LDFLAGS=''
LIBOBJS=''
LIBS=' -L/usr/lib -lnetcdff -lnetcdf'
LTLIBOBJS=''
MAKEINFO='${SHELL} /ocean/gsgarbi/MEOPAR/Ariane/ariane-2.2.6_00/confdb/missing --run makeinfo'
NETCDF_INC='/usr/include'
NETCDF_LIB='/usr/lib'
OBJEXT='o'
PACKAGE='ariane'
PACKAGE_BUGREPORT='Bruno.Blanke@univ-brest.fr or Nicolas.Grima@univ-brest.fr'
PACKAGE_NAME='Ariane'
PACKAGE_STRING='Ariane 2.2.6_00'
PACKAGE_TARNAME='ariane'
PACKAGE_VERSION='2.2.6_00'
PATH_SEPARATOR=':'
SET_MAKE=''
SHELL='/bin/bash'
STRIP=''
VERSION='2.2.6_00'
ac_ct_FC='f95'
am__isrc=''
am__leading_dot='.'
am__tar='${AMTAR} chof - "$$tardir"'
am__untar='${AMTAR} xf -'
bindir='${exec_prefix}/bin'
build='x86_64-unknown-linux-gnu'
build_alias=''
build_cpu='x86_64'
build_os='linux-gnu'
build_vendor='unknown'
datadir='${datarootdir}'
datarootdir='${prefix}/share'
docdir='${datarootdir}/doc/${PACKAGE_TARNAME}'
dvidir='${docdir}'
exec_prefix='${prefix}'
host='x86_64-unknown-linux-gnu'
host_alias=''
host_cpu='x86_64'
host_os='linux-gnu'
host_vendor='unknown'
htmldir='${docdir}'
includedir='${prefix}/include'
infodir='${datarootdir}/info'
install_sh='$(SHELL) /ocean/gsgarbi/MEOPAR/Ariane/ariane-2.2.6_00/confdb/install-sh'
libdir='${exec_prefix}/lib'
libexecdir='${exec_prefix}/libexec'
localedir='${datarootdir}/locale'
localstatedir='${prefix}/var'
mandir='${datarootdir}/man'
mkdir_p='/bin/mkdir -p'
oldincludedir='/usr/include'
pdfdir='${docdir}'
prefix='/ocean/gsgarbi/MEOPAR/Ariane'
program_transform_name='s,x,x,'
psdir='${docdir}'
sbindir='${exec_prefix}/sbin'
sharedstatedir='${prefix}/com'
sysconfdir='${prefix}/etc'
target_alias=''

## ----------- ##
## confdefs.h. ##
## ----------- ##

#define PACKAGE_NAME "Ariane"
#define PACKAGE_TARNAME "ariane"
#define PACKAGE_VERSION "2.2.6_00"
#define PACKAGE_STRING "Ariane 2.2.6_00"
#define PACKAGE_BUGREPORT "Bruno.Blanke@univ-brest.fr or Nicolas.Grima@univ-brest.fr"
#define PACKAGE "ariane"
#define VERSION "2.2.6_00"

configure: exit 0
